app/build/intermediates/manifest_merge_blame_file/debug/manifest-merger-blame-debug-report.txt
1<?xml version="1.0" encoding="utf-8"?>
2<manifest xmlns:android="http://schemas.android.com/apk/res/android"
3    package="com.smarthelmet.ble"
4    android:versionCode="1"
5    android:versionName="1.0" >
6
7    <uses-sdk
8        android:minSdkVersion="23"
9        android:targetSdkVersion="34" />
10
11    <!-- Legacy Bluetooth permissions (API < 31) -->
12    <uses-permission
12-->src/main/AndroidManifest.xml:5:5-6:38
13        android:name="android.permission.BLUETOOTH"
13-->src/main/AndroidManifest.xml:5:22-65
14        android:maxSdkVersion="30" />
14-->src/main/AndroidManifest.xml:6:9-35
15    <uses-permission
15-->src/main/AndroidManifest.xml:7:5-8:38
16        android:name="android.permission.BLUETOOTH_ADMIN"
16-->src/main/AndroidManifest.xml:7:22-71
17        android:maxSdkVersion="30" />
17-->src/main/AndroidManifest.xml:8:9-35
18
19    <!-- Location permission required for BLE scanning on API 23-30 -->
20    <uses-permission
20-->src/main/AndroidManifest.xml:11:5-12:38
21        android:name="android.permission.ACCESS_FINE_LOCATION"
21-->src/main/AndroidManifest.xml:11:22-76
22        android:maxSdkVersion="30" />
22-->src/main/AndroidManifest.xml:12:9-35
23    <uses-permission
23-->src/main/AndroidManifest.xml:13:5-14:38
24        android:name="android.permission.ACCESS_COARSE_LOCATION"
24-->src/main/AndroidManifest.xml:13:22-78
25        android:maxSdkVersion="30" />
25-->src/main/AndroidManifest.xml:14:9-35
26
27    <!-- BLE permissions for Android 12+ (API 31+) -->
28    <uses-permission
28-->src/main/AndroidManifest.xml:17:5-18:58
29        android:name="android.permission.BLUETOOTH_SCAN"
29-->src/main/AndroidManifest.xml:17:22-70
30        android:usesPermissionFlags="neverForLocation" />
30-->src/main/AndroidManifest.xml:18:9-55
31    <uses-permission android:name="android.permission.BLUETOOTH_CONNECT" />
31-->src/main/AndroidManifest.xml:19:5-76
31-->src/main/AndroidManifest.xml:19:22-73
32
33    <!-- Require BLE feature -->
34    <uses-feature
34-->src/main/AndroidManifest.xml:22:5-90
35        android:name="android.hardware.bluetooth_le"
35-->src/main/AndroidManifest.xml:22:19-63
36        android:required="true" />
36-->src/main/AndroidManifest.xml:22:64-87
37
38    <permission
38-->[androidx.core:core:1.12.0] AndroidManifest.xml:22:5-24:47
39        android:name="com.smarthelmet.ble.DYNAMIC_RECEIVER_NOT_EXPORTED_PERMISSION"
39-->[androidx.core:core:1.12.0] AndroidManifest.xml:23:9-81
40        android:protectionLevel="signature" />
40-->[androidx.core:core:1.12.0] AndroidManifest.xml:24:9-44
41
42    <uses-permission android:name="com.smarthelmet.ble.DYNAMIC_RECEIVER_NOT_EXPORTED_PERMISSION" />
42-->[androidx.core:core:1.12.0] AndroidManifest.xml:26:5-97
42-->[androidx.core:core:1.12.0] AndroidManifest.xml:26:22-94
43
44    <application
44-->src/main/AndroidManifest.xml:24:5-57:19
45        android:allowBackup="true"
45-->src/main/AndroidManifest.xml:25:9-35
46        android:appComponentFactory="androidx.core.app.CoreComponentFactory"
46-->[androidx.core:core:1.12.0] AndroidManifest.xml:28:18-86
47        android:debuggable="true"
48        android:extractNativeLibs="false"
49        android:icon="@mipmap/ic_launcher"
49-->src/main/AndroidManifest.xml:26:9-43
50        android:label="@string/app_name"
50-->src/main/AndroidManifest.xml:27:9-41
51        android:roundIcon="@mipmap/ic_launcher_round"
51-->src/main/AndroidManifest.xml:28:9-54
52        android:supportsRtl="true"
52-->src/main/AndroidManifest.xml:29:9-35
53        android:testOnly="true"
54        android:theme="@style/Theme.SmartHelmet" >
54-->src/main/AndroidManifest.xml:30:9-49
55        <activity
55-->src/main/AndroidManifest.xml:32:9-40:20
56            android:name="com.smarthelmet.ble.ScanActivity"
56-->src/main/AndroidManifest.xml:33:13-41
57            android:exported="true"
57-->src/main/AndroidManifest.xml:34:13-36
58            android:label="@string/title_scan" >
58-->src/main/AndroidManifest.xml:35:13-47
59            <intent-filter>
59-->src/main/AndroidManifest.xml:36:13-39:29
60                <action android:name="android.intent.action.MAIN" />
60-->src/main/AndroidManifest.xml:37:17-69
60-->src/main/AndroidManifest.xml:37:25-66
61
62                <category android:name="android.intent.category.LAUNCHER" />
62-->src/main/AndroidManifest.xml:38:17-77
62-->src/main/AndroidManifest.xml:38:27-74
63            </intent-filter>
64        </activity>
65        <activity
65-->src/main/AndroidManifest.xml:42:9-45:55
66            android:name="com.smarthelmet.ble.DashboardActivity"
66-->src/main/AndroidManifest.xml:43:13-46
67            android:exported="false"
67-->src/main/AndroidManifest.xml:44:13-37
68            android:label="@string/title_dashboard" />
68-->src/main/AndroidManifest.xml:45:13-52
69
70        <provider
71            android:name="androidx.core.content.FileProvider"
71-->src/main/AndroidManifest.xml:48:13-62
72            android:authorities="com.smarthelmet.ble.provider"
72-->src/main/AndroidManifest.xml:49:13-60
73            android:exported="false"
73-->src/main/AndroidManifest.xml:50:13-37
74            android:grantUriPermissions="true" >
74-->src/main/AndroidManifest.xml:51:13-47
75            <meta-data
75-->src/main/AndroidManifest.xml:52:13-54:54
76                android:name="android.support.FILE_PROVIDER_PATHS"
76-->src/main/AndroidManifest.xml:53:17-67
77                android:resource="@xml/file_paths" />
77-->src/main/AndroidManifest.xml:54:17-51
78        </provider>
79        <provider
79-->[androidx.emoji2:emoji2:1.2.0] AndroidManifest.xml:24:9-32:20
80            android:name="androidx.startup.InitializationProvider"
80-->[androidx.emoji2:emoji2:1.2.0] AndroidManifest.xml:25:13-67
81            android:authorities="com.smarthelmet.ble.androidx-startup"
81-->[androidx.emoji2:emoji2:1.2.0] AndroidManifest.xml:26:13-68
82            android:exported="false" >
82-->[androidx.emoji2:emoji2:1.2.0] AndroidManifest.xml:27:13-37
83            <meta-data
83-->[androidx.emoji2:emoji2:1.2.0] AndroidManifest.xml:29:13-31:52
84                android:name="androidx.emoji2.text.EmojiCompatInitializer"
84-->[androidx.emoji2:emoji2:1.2.0] AndroidManifest.xml:30:17-75
85                android:value="androidx.startup" />
85-->[androidx.emoji2:emoji2:1.2.0] AndroidManifest.xml:31:17-49
86            <meta-data
86-->[androidx.lifecycle:lifecycle-process:2.7.0] AndroidManifest.xml:29:13-31:52
87                android:name="androidx.lifecycle.ProcessLifecycleInitializer"
87-->[androidx.lifecycle:lifecycle-process:2.7.0] AndroidManifest.xml:30:17-78
88                android:value="androidx.startup" />
88-->[androidx.lifecycle:lifecycle-process:2.7.0] AndroidManifest.xml:31:17-49
89            <meta-data
89-->[androidx.profileinstaller:profileinstaller:1.3.0] AndroidManifest.xml:29:13-31:52
90                android:name="androidx.profileinstaller.ProfileInstallerInitializer"
90-->[androidx.profileinstaller:profileinstaller:1.3.0] AndroidManifest.xml:30:17-85
91                android:value="androidx.startup" />
91-->[androidx.profileinstaller:profileinstaller:1.3.0] AndroidManifest.xml:31:17-49
92        </provider>
93
94        <receiver
94-->[androidx.profileinstaller:profileinstaller:1.3.0] AndroidManifest.xml:34:9-52:20
95            android:name="androidx.profileinstaller.ProfileInstallReceiver"
95-->[androidx.profileinstaller:profileinstaller:1.3.0] AndroidManifest.xml:35:13-76
96            android:directBootAware="false"
96-->[androidx.profileinstaller:profileinstaller:1.3.0] AndroidManifest.xml:36:13-44
97            android:enabled="true"
97-->[androidx.profileinstaller:profileinstaller:1.3.0] AndroidManifest.xml:37:13-35
98            android:exported="true"
98-->[androidx.profileinstaller:profileinstaller:1.3.0] AndroidManifest.xml:38:13-36
99            android:permission="android.permission.DUMP" >
99-->[androidx.profileinstaller:profileinstaller:1.3.0] AndroidManifest.xml:39:13-57
100            <intent-filter>
100-->[androidx.profileinstaller:profileinstaller:1.3.0] AndroidManifest.xml:40:13-42:29
101                <action android:name="androidx.profileinstaller.action.INSTALL_PROFILE" />
101-->[androidx.profileinstaller:profileinstaller:1.3.0] AndroidManifest.xml:41:17-91
101-->[androidx.profileinstaller:profileinstaller:1.3.0] AndroidManifest.xml:41:25-88
102            </intent-filter>
103            <intent-filter>
103-->[androidx.profileinstaller:profileinstaller:1.3.0] AndroidManifest.xml:43:13-45:29
104                <action android:name="androidx.profileinstaller.action.SKIP_FILE" />
104-->[androidx.profileinstaller:profileinstaller:1.3.0] AndroidManifest.xml:44:17-85
104-->[androidx.profileinstaller:profileinstaller:1.3.0] AndroidManifest.xml:44:25-82
105            </intent-filter>
106            <intent-filter>
106-->[androidx.profileinstaller:profileinstaller:1.3.0] AndroidManifest.xml:46:13-48:29
107                <action android:name="androidx.profileinstaller.action.SAVE_PROFILE" />
107-->[androidx.profileinstaller:profileinstaller:1.3.0] AndroidManifest.xml:47:17-88
107-->[androidx.profileinstaller:profileinstaller:1.3.0] AndroidManifest.xml:47:25-85
108            </intent-filter>
109            <intent-filter>
109-->[androidx.profileinstaller:profileinstaller:1.3.0] AndroidManifest.xml:49:13-51:29
110                <action android:name="androidx.profileinstaller.action.BENCHMARK_OPERATION" />
110-->[androidx.profileinstaller:profileinstaller:1.3.0] AndroidManifest.xml:50:17-95
110-->[androidx.profileinstaller:profileinstaller:1.3.0] AndroidManifest.xml:50:25-92
111            </intent-filter>
112        </receiver>
113    </application>
114
115</manifest>